
> enlaze@0.1.0 build
> next build

â–˛ Next.js 16.2.1 (Turbopack)
- Environments: .env.local

  Creating an optimized production build ...
âś“ Compiled successfully in 2.5s
  Running TypeScript ...
  Finished TypeScript in 3.5s ...
  Collecting page data using 9 workers ...
  Generating static pages using 9 workers (0/73) ...
  Generating static pages using 9 workers (18/73) 
  Generating static pages using 9 workers (36/73) 
  Generating static pages using 9 workers (54/73) 
âś“ Generating static pages using 9 workers (73/73) in 286ms
  Finalizing page optimization ...

Route (app)
â”Ś â—‹ /
â”ś â—‹ /_not-found
â”ś Ć’ /api/agent/budgets/generate
â”ś Ć’ /api/agent/calendar/summary
â”ś Ć’ /api/agent/config
â”ś Ć’ /api/agent/gmail/summary
â”ś Ć’ /api/agent/ingest
â”ś Ć’ /api/agent/market/analysis
â”ś Ć’ /api/agent/market/prices
â”ś Ć’ /api/agent/market/summary
â”ś Ć’ /api/agent/reputation/summary
â”ś Ć’ /api/agent/users
â”ś Ć’ /api/auth/send-verification-email
â”ś Ć’ /api/auth/verify-email
â”ś Ć’ /api/generate-budget
â”ś Ć’ /api/invoices/ocr
â”ś Ć’ /api/notifications/preferences
â”ś Ć’ /api/notifications/send
â”ś Ć’ /api/search
â”ś Ć’ /api/send-email
â”ś Ć’ /api/webhook
â”ś Ć’ /api/webhooks/comercio-local
â”ś Ć’ /api/webhooks/construccion
â”ś â—‹ /apple-icon.png
â”ś Ć’ /auth/callback
â”ś â—‹ /dashboard
â”ś â—‹ /dashboard/agent
â”ś â—‹ /dashboard/audit-log
â”ś â—‹ /dashboard/budgets
â”ś Ć’ /dashboard/budgets/[id]
â”ś â—‹ /dashboard/budgets/generate
â”ś â—‹ /dashboard/budgets/new
â”ś â—‹ /dashboard/calendar
â”ś â—‹ /dashboard/clientes
â”ś â—‹ /dashboard/compliance
â”ś â—‹ /dashboard/compliance/ai
â”ś â—‹ /dashboard/compliance/fiscal
â”ś â—‹ /dashboard/compliance/incidents
â”ś â—‹ /dashboard/compliance/privacy
â”ś â—‹ /dashboard/compliance/security
â”ś â—‹ /dashboard/delivery-notes
â”ś Ć’ /dashboard/delivery-notes/[id]
â”ś â—‹ /dashboard/emails
â”ś â—‹ /dashboard/facturas
â”ś â—‹ /dashboard/issued-invoices
â”ś Ć’ /dashboard/issued-invoices/[id]
â”ś â—‹ /dashboard/margins
â”ś â—‹ /dashboard/messages
â”ś â—‹ /dashboard/notifications
â”ś â—‹ /dashboard/orders
â”ś Ć’ /dashboard/orders/[id]
â”ś â—‹ /dashboard/payments
â”ś â—‹ /dashboard/prices
â”ś â—‹ /dashboard/projects
â”ś Ć’ /dashboard/projects/[id]
â”ś â—‹ /dashboard/settings
â”ś â—‹ /dashboard/settings/fiscal
â”ś â—‹ /dashboard/settings/notifications
â”ś â—‹ /dashboard/settings/sector
â”ś â—‹ /dashboard/suppliers
â”ś Ć’ /dashboard/suppliers/[id]
â”ś â—‹ /dashboard/suppliers/invoices
â”ś Ć’ /dashboard/suppliers/invoices/[id]
â”ś â—‹ /icon.png
â”ś â—‹ /legal/aviso-legal
â”ś â—‹ /legal/cookies
â”ś â—‹ /legal/dpa
â”ś â—‹ /legal/privacy
â”ś â—‹ /legal/subprocessors
â”ś â—‹ /legal/terms
â”ś â—‹ /login
â”ś â—‹ /onboarding
â”ś â—‹ /opengraph-image
â”ś Ć’ /portal/[token]
â”ś â—‹ /pricing
â”ś â—‹ /register
â”ś â—‹ /robots.txt
â”ś â—‹ /security
â”ś â—‹ /sitemap.xml
â”” â—‹ /verify-email


â—‹  (Static)   prerendered as static content
Ć’  (Dynamic)  server-rendered on demand

